<?xml version="1.0" encoding="UTF-8"?>
<testsuite name="org.gradle.ServicioCalcudoraTest" tests="1" skipped="0" failures="0" errors="0" timestamp="2017-11-06T20:14:12" hostname="david" time="0.014">
  <properties/>
  <testcase name="Serviciocalculadora" classname="org.gradle.ServicioCalcudoraTest" time="0.014"/>
  <system-out><![CDATA[]]></system-out>
  <system-err><![CDATA[]]></system-err>
</testsuite>
